17:20:14.356 [main] INFO  pv.Application - Starting Application v0.2 on jianzoudeMacBook-Pro.local with PID 94166 (/Users/jianzou/isdavid/00_common/monitor_screen_release/dist/monitor-screen-0.2.jar started by jianzou in /Users/jianzou/isdavid/00_common/monitor_screen_release/dist) 
17:20:14.368 [main] INFO  pv.Application - No active profile set, falling back to default profiles: default 
17:20:14.968 [main] INFO  o.s.b.c.e.AnnotationConfigEmbeddedWebApplicationContext - Refreshing org.springframework.boot.context.embedded.AnnotationConfigEmbeddedWebApplicationContext@32a1bec0: startup date [Mon Dec 11 17:20:14 CST 2017]; root of context hierarchy 
17:20:17.272 [main] INFO  o.s.d.r.c.RepositoryConfigurationDelegate - Multiple Spring Data modules found, entering strict repository configuration mode! 
17:20:18.050 [main] INFO  o.s.c.s.PostProcessorRegistrationDelegate$BeanPostProcessorChecker - Bean 'org.springframework.transaction.annotation.ProxyTransactionManagementConfiguration' of type [class org.springframework.transaction.annotation.ProxyTransactionManagementConfiguration$$EnhancerBySpringCGLIB$$5ea6772] is not eligible for getting processed by all BeanPostProcessors (for example: not eligible for auto-proxying) 
17:20:18.955 [main] INFO  o.s.b.c.e.t.TomcatEmbeddedServletContainer - Tomcat initialized with port(s): 8098 (http) 
17:20:18.980 [main] INFO  o.a.catalina.core.StandardService - Starting service Tomcat 
17:20:18.983 [main] INFO  o.a.catalina.core.StandardEngine - Starting Servlet Engine: Apache Tomcat/8.5.4 
17:20:19.111 [localhost-startStop-1] INFO  o.a.c.c.C.[Tomcat].[localhost].[/] - Initializing Spring embedded WebApplicationContext 
17:20:19.112 [localhost-startStop-1] INFO  o.s.web.context.ContextLoader - Root WebApplicationContext: initialization completed in 4144 ms 
17:20:19.323 [localhost-startStop-1] INFO  o.s.b.w.s.ServletRegistrationBean - Mapping servlet: 'dispatcherServlet' to [/] 
17:20:19.329 [localhost-startStop-1] INFO  o.s.b.w.s.FilterRegistrationBean - Mapping filter: 'characterEncodingFilter' to: [/*] 
17:20:19.329 [localhost-startStop-1] INFO  o.s.b.w.s.FilterRegistrationBean - Mapping filter: 'hiddenHttpMethodFilter' to: [/*] 
17:20:19.330 [localhost-startStop-1] INFO  o.s.b.w.s.FilterRegistrationBean - Mapping filter: 'httpPutFormContentFilter' to: [/*] 
17:20:19.330 [localhost-startStop-1] INFO  o.s.b.w.s.FilterRegistrationBean - Mapping filter: 'requestContextFilter' to: [/*] 
17:20:20.256 [main] INFO  o.s.w.s.m.m.a.RequestMappingHandlerAdapter - Looking for @ControllerAdvice: org.springframework.boot.context.embedded.AnnotationConfigEmbeddedWebApplicationContext@32a1bec0: startup date [Mon Dec 11 17:20:14 CST 2017]; root of context hierarchy 
17:20:20.372 [main] INFO  o.s.w.s.m.m.a.RequestMappingHandlerMapping - Mapped "{[/monitor_screen]}" onto public java.lang.String pv.controller.OpsController.viewdemo(java.lang.String,java.lang.String,org.springframework.ui.Model) 
17:20:20.373 [main] INFO  o.s.w.s.m.m.a.RequestMappingHandlerMapping - Mapped "{[/svg]}" onto public java.lang.String pv.controller.OpsController.svgdemo(java.lang.String,org.springframework.ui.Model) 
17:20:20.374 [main] INFO  o.s.w.s.m.m.a.RequestMappingHandlerMapping - Mapped "{[/m_monitor_screen]}" onto public java.lang.String pv.controller.OpsController.mobileViewdemo(java.lang.String,java.lang.String,org.springframework.ui.Model) 
17:20:20.374 [main] INFO  o.s.w.s.m.m.a.RequestMappingHandlerMapping - Mapped "{[/View]}" onto public java.lang.String pv.controller.OpsController.viewdemo1(java.lang.String,org.springframework.ui.Model) 
17:20:20.375 [main] INFO  o.s.w.s.m.m.a.RequestMappingHandlerMapping - Mapped "{[/getsvgdata]}" onto public org.springframework.http.ResponseEntity<pv.model.SvgDescription> pv.controller.OpsController.getSvgDate(java.lang.String) 
17:20:20.375 [main] INFO  o.s.w.s.m.m.a.RequestMappingHandlerMapping - Mapped "{[/getdynamicvalues],methods=[POST],produces=[application/json]}" onto public org.springframework.http.ResponseEntity<java.lang.String> pv.controller.OpsController.getDynamicValues(pv.model.QueryKeys) 
17:20:20.379 [main] INFO  o.s.w.s.m.m.a.RequestMappingHandlerMapping - Mapped "{[/error]}" onto public org.springframework.http.ResponseEntity<java.util.Map<java.lang.String, java.lang.Object>> org.springframework.boot.autoconfigure.web.BasicErrorController.error(javax.servlet.http.HttpServletRequest) 
17:20:20.380 [main] INFO  o.s.w.s.m.m.a.RequestMappingHandlerMapping - Mapped "{[/error],produces=[text/html]}" onto public org.springframework.web.servlet.ModelAndView org.springframework.boot.autoconfigure.web.BasicErrorController.errorHtml(javax.servlet.http.HttpServletRequest,javax.servlet.http.HttpServletResponse) 
17:20:20.430 [main] INFO  o.s.w.s.h.SimpleUrlHandlerMapping - Mapped URL path [/webjars/**] onto handler of type [class org.springframework.web.servlet.resource.ResourceHttpRequestHandler] 
17:20:20.430 [main] INFO  o.s.w.s.h.SimpleUrlHandlerMapping - Mapped URL path [/**] onto handler of type [class org.springframework.web.servlet.resource.ResourceHttpRequestHandler] 
17:20:20.489 [main] INFO  o.s.w.s.h.SimpleUrlHandlerMapping - Mapped URL path [/**/favicon.ico] onto handler of type [class org.springframework.web.servlet.resource.ResourceHttpRequestHandler] 
17:20:21.614 [main] WARN  o.s.b.s.r.RedisStarterDeprecationWarningAutoConfiguration - spring-boot-starter-redis is deprecated as of Spring Boot 1.4, please migrate to spring-boot-starter-data-redis 
17:20:21.686 [main] INFO  o.s.j.e.a.AnnotationMBeanExporter - Registering beans for JMX exposure on startup 
17:20:21.818 [main] INFO  o.s.b.c.e.t.TomcatEmbeddedServletContainer - Tomcat started on port(s): 8098 (http) 
17:20:21.827 [main] INFO  pv.Application - Started Application in 8.647 seconds (JVM running for 10.017) 
17:21:09.790 [Thread-5] INFO  o.s.b.c.e.AnnotationConfigEmbeddedWebApplicationContext - Closing org.springframework.boot.context.embedded.AnnotationConfigEmbeddedWebApplicationContext@32a1bec0: startup date [Mon Dec 11 17:20:14 CST 2017]; root of context hierarchy 
17:21:09.792 [Thread-5] INFO  o.s.j.e.a.AnnotationMBeanExporter - Unregistering JMX-exposed beans on shutdown 
17:21:55.550 [main] INFO  pv.Application - Starting Application v0.2 on jianzoudeMacBook-Pro.local with PID 94258 (/Users/jianzou/isdavid/00_common/monitor_screen_release/dist/monitor-screen-0.2.jar started by jianzou in /Users/jianzou/isdavid/00_common/monitor_screen_release/dist) 
17:21:55.556 [main] INFO  pv.Application - No active profile set, falling back to default profiles: default 
17:21:56.008 [main] INFO  o.s.b.c.e.AnnotationConfigEmbeddedWebApplicationContext - Refreshing org.springframework.boot.context.embedded.AnnotationConfigEmbeddedWebApplicationContext@32a1bec0: startup date [Mon Dec 11 17:21:56 CST 2017]; root of context hierarchy 
17:21:58.131 [main] INFO  o.s.d.r.c.RepositoryConfigurationDelegate - Multiple Spring Data modules found, entering strict repository configuration mode! 
17:21:58.896 [main] INFO  o.s.c.s.PostProcessorRegistrationDelegate$BeanPostProcessorChecker - Bean 'org.springframework.transaction.annotation.ProxyTransactionManagementConfiguration' of type [class org.springframework.transaction.annotation.ProxyTransactionManagementConfiguration$$EnhancerBySpringCGLIB$$c676982] is not eligible for getting processed by all BeanPostProcessors (for example: not eligible for auto-proxying) 
17:21:59.667 [main] INFO  o.s.b.c.e.t.TomcatEmbeddedServletContainer - Tomcat initialized with port(s): 8098 (http) 
17:21:59.689 [main] INFO  o.a.catalina.core.StandardService - Starting service Tomcat 
17:21:59.692 [main] INFO  o.a.catalina.core.StandardEngine - Starting Servlet Engine: Apache Tomcat/8.5.4 
17:21:59.829 [localhost-startStop-1] INFO  o.a.c.c.C.[Tomcat].[localhost].[/] - Initializing Spring embedded WebApplicationContext 
17:21:59.829 [localhost-startStop-1] INFO  o.s.web.context.ContextLoader - Root WebApplicationContext: initialization completed in 3821 ms 
17:22:00.133 [localhost-startStop-1] INFO  o.s.b.w.s.ServletRegistrationBean - Mapping servlet: 'dispatcherServlet' to [/] 
17:22:00.141 [localhost-startStop-1] INFO  o.s.b.w.s.FilterRegistrationBean - Mapping filter: 'characterEncodingFilter' to: [/*] 
17:22:00.142 [localhost-startStop-1] INFO  o.s.b.w.s.FilterRegistrationBean - Mapping filter: 'hiddenHttpMethodFilter' to: [/*] 
17:22:00.143 [localhost-startStop-1] INFO  o.s.b.w.s.FilterRegistrationBean - Mapping filter: 'httpPutFormContentFilter' to: [/*] 
17:22:00.143 [localhost-startStop-1] INFO  o.s.b.w.s.FilterRegistrationBean - Mapping filter: 'requestContextFilter' to: [/*] 
17:22:00.991 [main] INFO  o.s.w.s.m.m.a.RequestMappingHandlerAdapter - Looking for @ControllerAdvice: org.springframework.boot.context.embedded.AnnotationConfigEmbeddedWebApplicationContext@32a1bec0: startup date [Mon Dec 11 17:21:56 CST 2017]; root of context hierarchy 
17:22:01.100 [main] INFO  o.s.w.s.m.m.a.RequestMappingHandlerMapping - Mapped "{[/monitor_screen]}" onto public java.lang.String pv.controller.OpsController.viewdemo(java.lang.String,java.lang.String,org.springframework.ui.Model) 
17:22:01.102 [main] INFO  o.s.w.s.m.m.a.RequestMappingHandlerMapping - Mapped "{[/svg]}" onto public java.lang.String pv.controller.OpsController.svgdemo(java.lang.String,org.springframework.ui.Model) 
17:22:01.102 [main] INFO  o.s.w.s.m.m.a.RequestMappingHandlerMapping - Mapped "{[/m_monitor_screen]}" onto public java.lang.String pv.controller.OpsController.mobileViewdemo(java.lang.String,java.lang.String,org.springframework.ui.Model) 
17:22:01.103 [main] INFO  o.s.w.s.m.m.a.RequestMappingHandlerMapping - Mapped "{[/View]}" onto public java.lang.String pv.controller.OpsController.viewdemo1(java.lang.String,org.springframework.ui.Model) 
17:22:01.103 [main] INFO  o.s.w.s.m.m.a.RequestMappingHandlerMapping - Mapped "{[/getsvgdata]}" onto public org.springframework.http.ResponseEntity<pv.model.SvgDescription> pv.controller.OpsController.getSvgDate(java.lang.String) 
17:22:01.104 [main] INFO  o.s.w.s.m.m.a.RequestMappingHandlerMapping - Mapped "{[/getdynamicvalues],methods=[POST],produces=[application/json]}" onto public org.springframework.http.ResponseEntity<java.lang.String> pv.controller.OpsController.getDynamicValues(pv.model.QueryKeys) 
17:22:01.107 [main] INFO  o.s.w.s.m.m.a.RequestMappingHandlerMapping - Mapped "{[/error]}" onto public org.springframework.http.ResponseEntity<java.util.Map<java.lang.String, java.lang.Object>> org.springframework.boot.autoconfigure.web.BasicErrorController.error(javax.servlet.http.HttpServletRequest) 
17:22:01.108 [main] INFO  o.s.w.s.m.m.a.RequestMappingHandlerMapping - Mapped "{[/error],produces=[text/html]}" onto public org.springframework.web.servlet.ModelAndView org.springframework.boot.autoconfigure.web.BasicErrorController.errorHtml(javax.servlet.http.HttpServletRequest,javax.servlet.http.HttpServletResponse) 
17:22:01.167 [main] INFO  o.s.w.s.h.SimpleUrlHandlerMapping - Mapped URL path [/webjars/**] onto handler of type [class org.springframework.web.servlet.resource.ResourceHttpRequestHandler] 
17:22:01.168 [main] INFO  o.s.w.s.h.SimpleUrlHandlerMapping - Mapped URL path [/**] onto handler of type [class org.springframework.web.servlet.resource.ResourceHttpRequestHandler] 
17:22:01.235 [main] INFO  o.s.w.s.h.SimpleUrlHandlerMapping - Mapped URL path [/**/favicon.ico] onto handler of type [class org.springframework.web.servlet.resource.ResourceHttpRequestHandler] 
17:22:02.307 [main] WARN  o.s.b.s.r.RedisStarterDeprecationWarningAutoConfiguration - spring-boot-starter-redis is deprecated as of Spring Boot 1.4, please migrate to spring-boot-starter-data-redis 
17:22:02.409 [main] INFO  o.s.j.e.a.AnnotationMBeanExporter - Registering beans for JMX exposure on startup 
17:22:02.526 [main] INFO  o.s.b.c.e.t.TomcatEmbeddedServletContainer - Tomcat started on port(s): 8098 (http) 
17:22:02.535 [main] INFO  pv.Application - Started Application in 8.091 seconds (JVM running for 8.976) 
17:22:24.231 [http-nio-8098-exec-1] INFO  o.a.c.c.C.[Tomcat].[localhost].[/] - Initializing Spring FrameworkServlet 'dispatcherServlet' 
17:22:24.233 [http-nio-8098-exec-1] INFO  o.s.web.servlet.DispatcherServlet - FrameworkServlet 'dispatcherServlet': initialization started 
17:22:24.265 [http-nio-8098-exec-1] INFO  o.s.web.servlet.DispatcherServlet - FrameworkServlet 'dispatcherServlet': initialization completed in 32 ms 
17:23:05.521 [Thread-5] INFO  o.s.b.c.e.AnnotationConfigEmbeddedWebApplicationContext - Closing org.springframework.boot.context.embedded.AnnotationConfigEmbeddedWebApplicationContext@32a1bec0: startup date [Mon Dec 11 17:21:56 CST 2017]; root of context hierarchy 
17:23:05.537 [Thread-5] INFO  o.s.j.e.a.AnnotationMBeanExporter - Unregistering JMX-exposed beans on shutdown 
17:23:21.876 [main] INFO  pv.Application - Starting Application v0.2 on jianzoudeMacBook-Pro.local with PID 94346 (/Users/jianzou/isdavid/00_common/monitor_screen_release/dist/monitor-screen-0.2.jar started by jianzou in /Users/jianzou/isdavid/00_common/monitor_screen_release/dist) 
17:23:21.886 [main] INFO  pv.Application - No active profile set, falling back to default profiles: default 
17:23:22.316 [main] INFO  o.s.b.c.e.AnnotationConfigEmbeddedWebApplicationContext - Refreshing org.springframework.boot.context.embedded.AnnotationConfigEmbeddedWebApplicationContext@32a1bec0: startup date [Mon Dec 11 17:23:22 CST 2017]; root of context hierarchy 
17:23:24.141 [main] INFO  o.s.d.r.c.RepositoryConfigurationDelegate - Multiple Spring Data modules found, entering strict repository configuration mode! 
17:23:24.866 [main] INFO  o.s.c.s.PostProcessorRegistrationDelegate$BeanPostProcessorChecker - Bean 'org.springframework.transaction.annotation.ProxyTransactionManagementConfiguration' of type [class org.springframework.transaction.annotation.ProxyTransactionManagementConfiguration$$EnhancerBySpringCGLIB$$919cb68a] is not eligible for getting processed by all BeanPostProcessors (for example: not eligible for auto-proxying) 
17:23:25.603 [main] INFO  o.s.b.c.e.t.TomcatEmbeddedServletContainer - Tomcat initialized with port(s): 8098 (http) 
17:23:25.623 [main] INFO  o.a.catalina.core.StandardService - Starting service Tomcat 
17:23:25.625 [main] INFO  o.a.catalina.core.StandardEngine - Starting Servlet Engine: Apache Tomcat/8.5.4 
17:23:25.743 [localhost-startStop-1] INFO  o.a.c.c.C.[Tomcat].[localhost].[/] - Initializing Spring embedded WebApplicationContext 
17:23:25.743 [localhost-startStop-1] INFO  o.s.web.context.ContextLoader - Root WebApplicationContext: initialization completed in 3428 ms 
17:23:25.976 [localhost-startStop-1] INFO  o.s.b.w.s.ServletRegistrationBean - Mapping servlet: 'dispatcherServlet' to [/] 
17:23:25.985 [localhost-startStop-1] INFO  o.s.b.w.s.FilterRegistrationBean - Mapping filter: 'characterEncodingFilter' to: [/*] 
17:23:25.986 [localhost-startStop-1] INFO  o.s.b.w.s.FilterRegistrationBean - Mapping filter: 'hiddenHttpMethodFilter' to: [/*] 
17:23:25.986 [localhost-startStop-1] INFO  o.s.b.w.s.FilterRegistrationBean - Mapping filter: 'httpPutFormContentFilter' to: [/*] 
17:23:25.987 [localhost-startStop-1] INFO  o.s.b.w.s.FilterRegistrationBean - Mapping filter: 'requestContextFilter' to: [/*] 
17:23:26.910 [main] INFO  o.s.w.s.m.m.a.RequestMappingHandlerAdapter - Looking for @ControllerAdvice: org.springframework.boot.context.embedded.AnnotationConfigEmbeddedWebApplicationContext@32a1bec0: startup date [Mon Dec 11 17:23:22 CST 2017]; root of context hierarchy 
17:23:27.252 [main] INFO  o.s.w.s.m.m.a.RequestMappingHandlerMapping - Mapped "{[/svg]}" onto public java.lang.String pv.controller.OpsController.svgdemo(java.lang.String,org.springframework.ui.Model) 
17:23:27.254 [main] INFO  o.s.w.s.m.m.a.RequestMappingHandlerMapping - Mapped "{[/monitor_screen]}" onto public java.lang.String pv.controller.OpsController.viewdemo(java.lang.String,java.lang.String,org.springframework.ui.Model) 
17:23:27.255 [main] INFO  o.s.w.s.m.m.a.RequestMappingHandlerMapping - Mapped "{[/m_monitor_screen]}" onto public java.lang.String pv.controller.OpsController.mobileViewdemo(java.lang.String,java.lang.String,org.springframework.ui.Model) 
17:23:27.256 [main] INFO  o.s.w.s.m.m.a.RequestMappingHandlerMapping - Mapped "{[/View]}" onto public java.lang.String pv.controller.OpsController.viewdemo1(java.lang.String,org.springframework.ui.Model) 
17:23:27.256 [main] INFO  o.s.w.s.m.m.a.RequestMappingHandlerMapping - Mapped "{[/getsvgdata]}" onto public org.springframework.http.ResponseEntity<pv.model.SvgDescription> pv.controller.OpsController.getSvgDate(java.lang.String) 
17:23:27.257 [main] INFO  o.s.w.s.m.m.a.RequestMappingHandlerMapping - Mapped "{[/getdynamicvalues],methods=[POST],produces=[application/json]}" onto public org.springframework.http.ResponseEntity<java.lang.String> pv.controller.OpsController.getDynamicValues(pv.model.QueryKeys) 
17:23:27.262 [main] INFO  o.s.w.s.m.m.a.RequestMappingHandlerMapping - Mapped "{[/error]}" onto public org.springframework.http.ResponseEntity<java.util.Map<java.lang.String, java.lang.Object>> org.springframework.boot.autoconfigure.web.BasicErrorController.error(javax.servlet.http.HttpServletRequest) 
17:23:27.263 [main] INFO  o.s.w.s.m.m.a.RequestMappingHandlerMapping - Mapped "{[/error],produces=[text/html]}" onto public org.springframework.web.servlet.ModelAndView org.springframework.boot.autoconfigure.web.BasicErrorController.errorHtml(javax.servlet.http.HttpServletRequest,javax.servlet.http.HttpServletResponse) 
17:23:27.358 [main] INFO  o.s.w.s.h.SimpleUrlHandlerMapping - Mapped URL path [/webjars/**] onto handler of type [class org.springframework.web.servlet.resource.ResourceHttpRequestHandler] 
17:23:27.362 [main] INFO  o.s.w.s.h.SimpleUrlHandlerMapping - Mapped URL path [/**] onto handler of type [class org.springframework.web.servlet.resource.ResourceHttpRequestHandler] 
17:23:27.473 [main] INFO  o.s.w.s.h.SimpleUrlHandlerMapping - Mapped URL path [/**/favicon.ico] onto handler of type [class org.springframework.web.servlet.resource.ResourceHttpRequestHandler] 
17:23:28.653 [main] WARN  o.s.b.s.r.RedisStarterDeprecationWarningAutoConfiguration - spring-boot-starter-redis is deprecated as of Spring Boot 1.4, please migrate to spring-boot-starter-data-redis 
17:23:28.758 [main] INFO  o.s.j.e.a.AnnotationMBeanExporter - Registering beans for JMX exposure on startup 
17:23:28.868 [main] INFO  o.s.b.c.e.t.TomcatEmbeddedServletContainer - Tomcat started on port(s): 8098 (http) 
17:23:28.880 [main] INFO  pv.Application - Started Application in 8.135 seconds (JVM running for 9.328) 
17:23:50.567 [Thread-5] INFO  o.s.b.c.e.AnnotationConfigEmbeddedWebApplicationContext - Closing org.springframework.boot.context.embedded.AnnotationConfigEmbeddedWebApplicationContext@32a1bec0: startup date [Mon Dec 11 17:23:22 CST 2017]; root of context hierarchy 
17:23:50.570 [Thread-5] INFO  o.s.j.e.a.AnnotationMBeanExporter - Unregistering JMX-exposed beans on shutdown 
17:24:20.836 [main] INFO  pv.Application - Starting Application v0.2 on jianzoudeMacBook-Pro.local with PID 94390 (/Users/jianzou/isdavid/00_common/monitor_screen_release/dist/monitor-screen-0.2.jar started by jianzou in /Users/jianzou/isdavid/00_common/monitor_screen_release/dist) 
17:24:20.850 [main] INFO  pv.Application - No active profile set, falling back to default profiles: default 
17:24:21.234 [main] INFO  o.s.b.c.e.AnnotationConfigEmbeddedWebApplicationContext - Refreshing org.springframework.boot.context.embedded.AnnotationConfigEmbeddedWebApplicationContext@32a1bec0: startup date [Mon Dec 11 17:24:21 CST 2017]; root of context hierarchy 
17:24:23.347 [main] INFO  o.s.d.r.c.RepositoryConfigurationDelegate - Multiple Spring Data modules found, entering strict repository configuration mode! 
17:24:24.322 [main] INFO  o.s.c.s.PostProcessorRegistrationDelegate$BeanPostProcessorChecker - Bean 'org.springframework.transaction.annotation.ProxyTransactionManagementConfiguration' of type [class org.springframework.transaction.annotation.ProxyTransactionManagementConfiguration$$EnhancerBySpringCGLIB$$c676982] is not eligible for getting processed by all BeanPostProcessors (for example: not eligible for auto-proxying) 
17:24:25.312 [main] INFO  o.s.b.c.e.t.TomcatEmbeddedServletContainer - Tomcat initialized with port(s): 9191 (http) 
17:24:25.338 [main] INFO  o.a.catalina.core.StandardService - Starting service Tomcat 
17:24:25.340 [main] INFO  o.a.catalina.core.StandardEngine - Starting Servlet Engine: Apache Tomcat/8.5.4 
17:24:25.467 [localhost-startStop-1] INFO  o.a.c.c.C.[Tomcat].[localhost].[/] - Initializing Spring embedded WebApplicationContext 
17:24:25.468 [localhost-startStop-1] INFO  o.s.web.context.ContextLoader - Root WebApplicationContext: initialization completed in 4234 ms 
17:24:25.727 [localhost-startStop-1] INFO  o.s.b.w.s.ServletRegistrationBean - Mapping servlet: 'dispatcherServlet' to [/] 
17:24:25.738 [localhost-startStop-1] INFO  o.s.b.w.s.FilterRegistrationBean - Mapping filter: 'characterEncodingFilter' to: [/*] 
17:24:25.739 [localhost-startStop-1] INFO  o.s.b.w.s.FilterRegistrationBean - Mapping filter: 'hiddenHttpMethodFilter' to: [/*] 
17:24:25.740 [localhost-startStop-1] INFO  o.s.b.w.s.FilterRegistrationBean - Mapping filter: 'httpPutFormContentFilter' to: [/*] 
17:24:25.740 [localhost-startStop-1] INFO  o.s.b.w.s.FilterRegistrationBean - Mapping filter: 'requestContextFilter' to: [/*] 
17:24:26.807 [main] INFO  o.s.w.s.m.m.a.RequestMappingHandlerAdapter - Looking for @ControllerAdvice: org.springframework.boot.context.embedded.AnnotationConfigEmbeddedWebApplicationContext@32a1bec0: startup date [Mon Dec 11 17:24:21 CST 2017]; root of context hierarchy 
17:24:26.953 [main] INFO  o.s.w.s.m.m.a.RequestMappingHandlerMapping - Mapped "{[/svg]}" onto public java.lang.String pv.controller.OpsController.svgdemo(java.lang.String,org.springframework.ui.Model) 
17:24:26.955 [main] INFO  o.s.w.s.m.m.a.RequestMappingHandlerMapping - Mapped "{[/monitor_screen]}" onto public java.lang.String pv.controller.OpsController.viewdemo(java.lang.String,java.lang.String,org.springframework.ui.Model) 
17:24:26.955 [main] INFO  o.s.w.s.m.m.a.RequestMappingHandlerMapping - Mapped "{[/m_monitor_screen]}" onto public java.lang.String pv.controller.OpsController.mobileViewdemo(java.lang.String,java.lang.String,org.springframework.ui.Model) 
17:24:26.956 [main] INFO  o.s.w.s.m.m.a.RequestMappingHandlerMapping - Mapped "{[/View]}" onto public java.lang.String pv.controller.OpsController.viewdemo1(java.lang.String,org.springframework.ui.Model) 
17:24:26.957 [main] INFO  o.s.w.s.m.m.a.RequestMappingHandlerMapping - Mapped "{[/getsvgdata]}" onto public org.springframework.http.ResponseEntity<pv.model.SvgDescription> pv.controller.OpsController.getSvgDate(java.lang.String) 
17:24:26.958 [main] INFO  o.s.w.s.m.m.a.RequestMappingHandlerMapping - Mapped "{[/getdynamicvalues],methods=[POST],produces=[application/json]}" onto public org.springframework.http.ResponseEntity<java.lang.String> pv.controller.OpsController.getDynamicValues(pv.model.QueryKeys) 
17:24:26.962 [main] INFO  o.s.w.s.m.m.a.RequestMappingHandlerMapping - Mapped "{[/error]}" onto public org.springframework.http.ResponseEntity<java.util.Map<java.lang.String, java.lang.Object>> org.springframework.boot.autoconfigure.web.BasicErrorController.error(javax.servlet.http.HttpServletRequest) 
17:24:26.963 [main] INFO  o.s.w.s.m.m.a.RequestMappingHandlerMapping - Mapped "{[/error],produces=[text/html]}" onto public org.springframework.web.servlet.ModelAndView org.springframework.boot.autoconfigure.web.BasicErrorController.errorHtml(javax.servlet.http.HttpServletRequest,javax.servlet.http.HttpServletResponse) 
17:24:27.037 [main] INFO  o.s.w.s.h.SimpleUrlHandlerMapping - Mapped URL path [/webjars/**] onto handler of type [class org.springframework.web.servlet.resource.ResourceHttpRequestHandler] 
17:24:27.037 [main] INFO  o.s.w.s.h.SimpleUrlHandlerMapping - Mapped URL path [/**] onto handler of type [class org.springframework.web.servlet.resource.ResourceHttpRequestHandler] 
17:24:27.105 [main] INFO  o.s.w.s.h.SimpleUrlHandlerMapping - Mapped URL path [/**/favicon.ico] onto handler of type [class org.springframework.web.servlet.resource.ResourceHttpRequestHandler] 
17:24:28.173 [main] WARN  o.s.b.s.r.RedisStarterDeprecationWarningAutoConfiguration - spring-boot-starter-redis is deprecated as of Spring Boot 1.4, please migrate to spring-boot-starter-data-redis 
17:24:28.243 [main] INFO  o.s.j.e.a.AnnotationMBeanExporter - Registering beans for JMX exposure on startup 
17:24:28.352 [main] INFO  o.s.b.c.e.t.TomcatEmbeddedServletContainer - Tomcat started on port(s): 9191 (http) 
17:24:28.360 [main] INFO  pv.Application - Started Application in 8.616 seconds (JVM running for 9.544) 
17:24:28.498 [http-nio-9191-exec-1] INFO  o.a.c.c.C.[Tomcat].[localhost].[/] - Initializing Spring FrameworkServlet 'dispatcherServlet' 
17:24:28.499 [http-nio-9191-exec-1] INFO  o.s.web.servlet.DispatcherServlet - FrameworkServlet 'dispatcherServlet': initialization started 
17:24:28.528 [http-nio-9191-exec-1] INFO  o.s.web.servlet.DispatcherServlet - FrameworkServlet 'dispatcherServlet': initialization completed in 29 ms 
17:24:32.714 [http-nio-9191-exec-8] INFO  o.s.b.f.xml.XmlBeanDefinitionReader - Loading XML bean definitions from class path resource [org/springframework/jdbc/support/sql-error-codes.xml] 
17:24:32.797 [http-nio-9191-exec-8] INFO  o.s.j.support.SQLErrorCodesFactory - SQLErrorCodes loaded: [DB2, Derby, H2, HSQL, Informix, MS-SQL, MySQL, Oracle, PostgreSQL, Sybase, Hana] 
17:28:34.864 [Thread-5] INFO  o.s.b.c.e.AnnotationConfigEmbeddedWebApplicationContext - Closing org.springframework.boot.context.embedded.AnnotationConfigEmbeddedWebApplicationContext@32a1bec0: startup date [Mon Dec 11 17:24:21 CST 2017]; root of context hierarchy 
17:28:34.888 [Thread-5] INFO  o.s.j.e.a.AnnotationMBeanExporter - Unregistering JMX-exposed beans on shutdown 
17:29:30.300 [main] INFO  pv.Application - Starting Application v0.2 on jianzoudeMacBook-Pro.local with PID 94702 (/Users/jianzou/isdavid/00_common/monitor_screen_release/dist/monitor-screen-0.2.jar started by jianzou in /Users/jianzou/isdavid/00_common/monitor_screen_release/dist) 
17:29:30.318 [main] INFO  pv.Application - No active profile set, falling back to default profiles: default 
17:29:30.950 [main] INFO  o.s.b.c.e.AnnotationConfigEmbeddedWebApplicationContext - Refreshing org.springframework.boot.context.embedded.AnnotationConfigEmbeddedWebApplicationContext@32a1bec0: startup date [Mon Dec 11 17:29:30 CST 2017]; root of context hierarchy 
17:29:33.146 [main] INFO  o.s.d.r.c.RepositoryConfigurationDelegate - Multiple Spring Data modules found, entering strict repository configuration mode! 
17:29:34.181 [main] INFO  o.s.c.s.PostProcessorRegistrationDelegate$BeanPostProcessorChecker - Bean 'org.springframework.transaction.annotation.ProxyTransactionManagementConfiguration' of type [class org.springframework.transaction.annotation.ProxyTransactionManagementConfiguration$$EnhancerBySpringCGLIB$$919cb68a] is not eligible for getting processed by all BeanPostProcessors (for example: not eligible for auto-proxying) 
17:29:35.550 [main] INFO  o.s.b.c.e.t.TomcatEmbeddedServletContainer - Tomcat initialized with port(s): 9191 (http) 
17:29:35.592 [main] INFO  o.a.catalina.core.StandardService - Starting service Tomcat 
17:29:35.597 [main] INFO  o.a.catalina.core.StandardEngine - Starting Servlet Engine: Apache Tomcat/8.5.4 
17:29:35.751 [localhost-startStop-1] INFO  o.a.c.c.C.[Tomcat].[localhost].[/] - Initializing Spring embedded WebApplicationContext 
17:29:35.755 [localhost-startStop-1] INFO  o.s.web.context.ContextLoader - Root WebApplicationContext: initialization completed in 4806 ms 
17:29:36.016 [localhost-startStop-1] INFO  o.s.b.w.s.ServletRegistrationBean - Mapping servlet: 'dispatcherServlet' to [/] 
17:29:36.038 [localhost-startStop-1] INFO  o.s.b.w.s.FilterRegistrationBean - Mapping filter: 'characterEncodingFilter' to: [/*] 
17:29:36.039 [localhost-startStop-1] INFO  o.s.b.w.s.FilterRegistrationBean - Mapping filter: 'hiddenHttpMethodFilter' to: [/*] 
17:29:36.040 [localhost-startStop-1] INFO  o.s.b.w.s.FilterRegistrationBean - Mapping filter: 'httpPutFormContentFilter' to: [/*] 
17:29:36.040 [localhost-startStop-1] INFO  o.s.b.w.s.FilterRegistrationBean - Mapping filter: 'requestContextFilter' to: [/*] 
17:29:37.110 [main] INFO  o.s.w.s.m.m.a.RequestMappingHandlerAdapter - Looking for @ControllerAdvice: org.springframework.boot.context.embedded.AnnotationConfigEmbeddedWebApplicationContext@32a1bec0: startup date [Mon Dec 11 17:29:30 CST 2017]; root of context hierarchy 
17:29:37.269 [main] INFO  o.s.w.s.m.m.a.RequestMappingHandlerMapping - Mapped "{[/svg]}" onto public java.lang.String pv.controller.OpsController.svgdemo(java.lang.String,org.springframework.ui.Model) 
17:29:37.270 [main] INFO  o.s.w.s.m.m.a.RequestMappingHandlerMapping - Mapped "{[/monitor_screen]}" onto public java.lang.String pv.controller.OpsController.viewdemo(java.lang.String,java.lang.String,org.springframework.ui.Model) 
17:29:37.271 [main] INFO  o.s.w.s.m.m.a.RequestMappingHandlerMapping - Mapped "{[/m_monitor_screen]}" onto public java.lang.String pv.controller.OpsController.mobileViewdemo(java.lang.String,java.lang.String,org.springframework.ui.Model) 
17:29:37.271 [main] INFO  o.s.w.s.m.m.a.RequestMappingHandlerMapping - Mapped "{[/View]}" onto public java.lang.String pv.controller.OpsController.viewdemo1(java.lang.String,org.springframework.ui.Model) 
17:29:37.272 [main] INFO  o.s.w.s.m.m.a.RequestMappingHandlerMapping - Mapped "{[/getsvgdata]}" onto public org.springframework.http.ResponseEntity<pv.model.SvgDescription> pv.controller.OpsController.getSvgDate(java.lang.String) 
17:29:37.272 [main] INFO  o.s.w.s.m.m.a.RequestMappingHandlerMapping - Mapped "{[/getdynamicvalues],methods=[POST],produces=[application/json]}" onto public org.springframework.http.ResponseEntity<java.lang.String> pv.controller.OpsController.getDynamicValues(pv.model.QueryKeys) 
17:29:37.281 [main] INFO  o.s.w.s.m.m.a.RequestMappingHandlerMapping - Mapped "{[/error]}" onto public org.springframework.http.ResponseEntity<java.util.Map<java.lang.String, java.lang.Object>> org.springframework.boot.autoconfigure.web.BasicErrorController.error(javax.servlet.http.HttpServletRequest) 
17:29:37.281 [main] INFO  o.s.w.s.m.m.a.RequestMappingHandlerMapping - Mapped "{[/error],produces=[text/html]}" onto public org.springframework.web.servlet.ModelAndView org.springframework.boot.autoconfigure.web.BasicErrorController.errorHtml(javax.servlet.http.HttpServletRequest,javax.servlet.http.HttpServletResponse) 
17:29:37.368 [main] INFO  o.s.w.s.h.SimpleUrlHandlerMapping - Mapped URL path [/webjars/**] onto handler of type [class org.springframework.web.servlet.resource.ResourceHttpRequestHandler] 
17:29:37.369 [main] INFO  o.s.w.s.h.SimpleUrlHandlerMapping - Mapped URL path [/**] onto handler of type [class org.springframework.web.servlet.resource.ResourceHttpRequestHandler] 
17:29:37.440 [main] INFO  o.s.w.s.h.SimpleUrlHandlerMapping - Mapped URL path [/**/favicon.ico] onto handler of type [class org.springframework.web.servlet.resource.ResourceHttpRequestHandler] 
17:29:38.937 [main] WARN  o.s.b.s.r.RedisStarterDeprecationWarningAutoConfiguration - spring-boot-starter-redis is deprecated as of Spring Boot 1.4, please migrate to spring-boot-starter-data-redis 
17:29:39.036 [main] INFO  o.s.j.e.a.AnnotationMBeanExporter - Registering beans for JMX exposure on startup 
17:29:39.177 [main] INFO  o.s.b.c.e.t.TomcatEmbeddedServletContainer - Tomcat started on port(s): 9191 (http) 
17:29:39.186 [main] INFO  pv.Application - Started Application in 10.113 seconds (JVM running for 11.659) 
17:29:40.961 [http-nio-9191-exec-1] INFO  o.a.c.c.C.[Tomcat].[localhost].[/] - Initializing Spring FrameworkServlet 'dispatcherServlet' 
17:29:40.962 [http-nio-9191-exec-1] INFO  o.s.web.servlet.DispatcherServlet - FrameworkServlet 'dispatcherServlet': initialization started 
17:29:40.989 [http-nio-9191-exec-1] INFO  o.s.web.servlet.DispatcherServlet - FrameworkServlet 'dispatcherServlet': initialization completed in 27 ms 
