
  .   ____          _            __ _ _
 /\\ / ___'_ __ _ _(_)_ __  __ _ \ \ \ \
( ( )\___ | '_ | '_| | '_ \/ _` | \ \ \ \
 \\/  ___)| |_)| | | | | || (_| |  ) ) ) )
  '  |____| .__|_| |_|_| |_\__, | / / / /
 =========|_|==============|___/=/_/_/_/
 :: Spring Boot ::        (v1.4.0.RELEASE)

2017-12-11 17:20:14.356  INFO 94166 --- [           main] pv.Application                           : Starting Application v0.2 on jianzoudeMacBook-Pro.local with PID 94166 (/Users/jianzou/isdavid/00_common/monitor_screen_release/dist/monitor-screen-0.2.jar started by jianzou in /Users/jianzou/isdavid/00_common/monitor_screen_release/dist)
2017-12-11 17:20:14.368  INFO 94166 --- [           main] pv.Application                           : No active profile set, falling back to default profiles: default
2017-12-11 17:20:14.968  INFO 94166 --- [           main] ationConfigEmbeddedWebApplicationContext : Refreshing org.springframework.boot.context.embedded.AnnotationConfigEmbeddedWebApplicationContext@32a1bec0: startup date [Mon Dec 11 17:20:14 CST 2017]; root of context hierarchy
2017-12-11 17:20:17.272  INFO 94166 --- [           main] .s.d.r.c.RepositoryConfigurationDelegate : Multiple Spring Data modules found, entering strict repository configuration mode!
2017-12-11 17:20:18.050  INFO 94166 --- [           main] trationDelegate$BeanPostProcessorChecker : Bean 'org.springframework.transaction.annotation.ProxyTransactionManagementConfiguration' of type [class org.springframework.transaction.annotation.ProxyTransactionManagementConfiguration$$EnhancerBySpringCGLIB$$5ea6772] is not eligible for getting processed by all BeanPostProcessors (for example: not eligible for auto-proxying)
2017-12-11 17:20:18.955  INFO 94166 --- [           main] s.b.c.e.t.TomcatEmbeddedServletContainer : Tomcat initialized with port(s): 8098 (http)
2017-12-11 17:20:18.980  INFO 94166 --- [           main] o.apache.catalina.core.StandardService   : Starting service Tomcat
2017-12-11 17:20:18.983  INFO 94166 --- [           main] org.apache.catalina.core.StandardEngine  : Starting Servlet Engine: Apache Tomcat/8.5.4
2017-12-11 17:20:19.111  INFO 94166 --- [ost-startStop-1] o.a.c.c.C.[Tomcat].[localhost].[/]       : Initializing Spring embedded WebApplicationContext
2017-12-11 17:20:19.112  INFO 94166 --- [ost-startStop-1] o.s.web.context.ContextLoader            : Root WebApplicationContext: initialization completed in 4144 ms
2017-12-11 17:20:19.323  INFO 94166 --- [ost-startStop-1] o.s.b.w.servlet.ServletRegistrationBean  : Mapping servlet: 'dispatcherServlet' to [/]
2017-12-11 17:20:19.329  INFO 94166 --- [ost-startStop-1] o.s.b.w.servlet.FilterRegistrationBean   : Mapping filter: 'characterEncodingFilter' to: [/*]
2017-12-11 17:20:19.329  INFO 94166 --- [ost-startStop-1] o.s.b.w.servlet.FilterRegistrationBean   : Mapping filter: 'hiddenHttpMethodFilter' to: [/*]
2017-12-11 17:20:19.330  INFO 94166 --- [ost-startStop-1] o.s.b.w.servlet.FilterRegistrationBean   : Mapping filter: 'httpPutFormContentFilter' to: [/*]
2017-12-11 17:20:19.330  INFO 94166 --- [ost-startStop-1] o.s.b.w.servlet.FilterRegistrationBean   : Mapping filter: 'requestContextFilter' to: [/*]
2017-12-11 17:20:20.256  INFO 94166 --- [           main] s.w.s.m.m.a.RequestMappingHandlerAdapter : Looking for @ControllerAdvice: org.springframework.boot.context.embedded.AnnotationConfigEmbeddedWebApplicationContext@32a1bec0: startup date [Mon Dec 11 17:20:14 CST 2017]; root of context hierarchy
2017-12-11 17:20:20.372  INFO 94166 --- [           main] s.w.s.m.m.a.RequestMappingHandlerMapping : Mapped "{[/monitor_screen]}" onto public java.lang.String pv.controller.OpsController.viewdemo(java.lang.String,java.lang.String,org.springframework.ui.Model)
2017-12-11 17:20:20.373  INFO 94166 --- [           main] s.w.s.m.m.a.RequestMappingHandlerMapping : Mapped "{[/svg]}" onto public java.lang.String pv.controller.OpsController.svgdemo(java.lang.String,org.springframework.ui.Model)
2017-12-11 17:20:20.374  INFO 94166 --- [           main] s.w.s.m.m.a.RequestMappingHandlerMapping : Mapped "{[/m_monitor_screen]}" onto public java.lang.String pv.controller.OpsController.mobileViewdemo(java.lang.String,java.lang.String,org.springframework.ui.Model)
2017-12-11 17:20:20.374  INFO 94166 --- [           main] s.w.s.m.m.a.RequestMappingHandlerMapping : Mapped "{[/View]}" onto public java.lang.String pv.controller.OpsController.viewdemo1(java.lang.String,org.springframework.ui.Model)
2017-12-11 17:20:20.375  INFO 94166 --- [           main] s.w.s.m.m.a.RequestMappingHandlerMapping : Mapped "{[/getsvgdata]}" onto public org.springframework.http.ResponseEntity<pv.model.SvgDescription> pv.controller.OpsController.getSvgDate(java.lang.String)
2017-12-11 17:20:20.375  INFO 94166 --- [           main] s.w.s.m.m.a.RequestMappingHandlerMapping : Mapped "{[/getdynamicvalues],methods=[POST],produces=[application/json]}" onto public org.springframework.http.ResponseEntity<java.lang.String> pv.controller.OpsController.getDynamicValues(pv.model.QueryKeys)
2017-12-11 17:20:20.379  INFO 94166 --- [           main] s.w.s.m.m.a.RequestMappingHandlerMapping : Mapped "{[/error]}" onto public org.springframework.http.ResponseEntity<java.util.Map<java.lang.String, java.lang.Object>> org.springframework.boot.autoconfigure.web.BasicErrorController.error(javax.servlet.http.HttpServletRequest)
2017-12-11 17:20:20.380  INFO 94166 --- [           main] s.w.s.m.m.a.RequestMappingHandlerMapping : Mapped "{[/error],produces=[text/html]}" onto public org.springframework.web.servlet.ModelAndView org.springframework.boot.autoconfigure.web.BasicErrorController.errorHtml(javax.servlet.http.HttpServletRequest,javax.servlet.http.HttpServletResponse)
2017-12-11 17:20:20.430  INFO 94166 --- [           main] o.s.w.s.handler.SimpleUrlHandlerMapping  : Mapped URL path [/webjars/**] onto handler of type [class org.springframework.web.servlet.resource.ResourceHttpRequestHandler]
2017-12-11 17:20:20.430  INFO 94166 --- [           main] o.s.w.s.handler.SimpleUrlHandlerMapping  : Mapped URL path [/**] onto handler of type [class org.springframework.web.servlet.resource.ResourceHttpRequestHandler]
2017-12-11 17:20:20.489  INFO 94166 --- [           main] o.s.w.s.handler.SimpleUrlHandlerMapping  : Mapped URL path [/**/favicon.ico] onto handler of type [class org.springframework.web.servlet.resource.ResourceHttpRequestHandler]
2017-12-11 17:20:21.614  WARN 94166 --- [           main] arterDeprecationWarningAutoConfiguration : spring-boot-starter-redis is deprecated as of Spring Boot 1.4, please migrate to spring-boot-starter-data-redis
2017-12-11 17:20:21.686  INFO 94166 --- [           main] o.s.j.e.a.AnnotationMBeanExporter        : Registering beans for JMX exposure on startup
2017-12-11 17:20:21.818  INFO 94166 --- [           main] s.b.c.e.t.TomcatEmbeddedServletContainer : Tomcat started on port(s): 8098 (http)
2017-12-11 17:20:21.827  INFO 94166 --- [           main] pv.Application                           : Started Application in 8.647 seconds (JVM running for 10.017)
2017-12-11 17:21:09.790  INFO 94166 --- [       Thread-5] ationConfigEmbeddedWebApplicationContext : Closing org.springframework.boot.context.embedded.AnnotationConfigEmbeddedWebApplicationContext@32a1bec0: startup date [Mon Dec 11 17:20:14 CST 2017]; root of context hierarchy
2017-12-11 17:21:09.792  INFO 94166 --- [       Thread-5] o.s.j.e.a.AnnotationMBeanExporter        : Unregistering JMX-exposed beans on shutdown

  .   ____          _            __ _ _
 /\\ / ___'_ __ _ _(_)_ __  __ _ \ \ \ \
( ( )\___ | '_ | '_| | '_ \/ _` | \ \ \ \
 \\/  ___)| |_)| | | | | || (_| |  ) ) ) )
  '  |____| .__|_| |_|_| |_\__, | / / / /
 =========|_|==============|___/=/_/_/_/
 :: Spring Boot ::        (v1.4.0.RELEASE)

2017-12-11 17:21:55.550  INFO 94258 --- [           main] pv.Application                           : Starting Application v0.2 on jianzoudeMacBook-Pro.local with PID 94258 (/Users/jianzou/isdavid/00_common/monitor_screen_release/dist/monitor-screen-0.2.jar started by jianzou in /Users/jianzou/isdavid/00_common/monitor_screen_release/dist)
2017-12-11 17:21:55.556  INFO 94258 --- [           main] pv.Application                           : No active profile set, falling back to default profiles: default
2017-12-11 17:21:56.008  INFO 94258 --- [           main] ationConfigEmbeddedWebApplicationContext : Refreshing org.springframework.boot.context.embedded.AnnotationConfigEmbeddedWebApplicationContext@32a1bec0: startup date [Mon Dec 11 17:21:56 CST 2017]; root of context hierarchy
2017-12-11 17:21:58.131  INFO 94258 --- [           main] .s.d.r.c.RepositoryConfigurationDelegate : Multiple Spring Data modules found, entering strict repository configuration mode!
2017-12-11 17:21:58.896  INFO 94258 --- [           main] trationDelegate$BeanPostProcessorChecker : Bean 'org.springframework.transaction.annotation.ProxyTransactionManagementConfiguration' of type [class org.springframework.transaction.annotation.ProxyTransactionManagementConfiguration$$EnhancerBySpringCGLIB$$c676982] is not eligible for getting processed by all BeanPostProcessors (for example: not eligible for auto-proxying)
2017-12-11 17:21:59.667  INFO 94258 --- [           main] s.b.c.e.t.TomcatEmbeddedServletContainer : Tomcat initialized with port(s): 8098 (http)
2017-12-11 17:21:59.689  INFO 94258 --- [           main] o.apache.catalina.core.StandardService   : Starting service Tomcat
2017-12-11 17:21:59.692  INFO 94258 --- [           main] org.apache.catalina.core.StandardEngine  : Starting Servlet Engine: Apache Tomcat/8.5.4
2017-12-11 17:21:59.829  INFO 94258 --- [ost-startStop-1] o.a.c.c.C.[Tomcat].[localhost].[/]       : Initializing Spring embedded WebApplicationContext
2017-12-11 17:21:59.829  INFO 94258 --- [ost-startStop-1] o.s.web.context.ContextLoader            : Root WebApplicationContext: initialization completed in 3821 ms
2017-12-11 17:22:00.133  INFO 94258 --- [ost-startStop-1] o.s.b.w.servlet.ServletRegistrationBean  : Mapping servlet: 'dispatcherServlet' to [/]
2017-12-11 17:22:00.141  INFO 94258 --- [ost-startStop-1] o.s.b.w.servlet.FilterRegistrationBean   : Mapping filter: 'characterEncodingFilter' to: [/*]
2017-12-11 17:22:00.142  INFO 94258 --- [ost-startStop-1] o.s.b.w.servlet.FilterRegistrationBean   : Mapping filter: 'hiddenHttpMethodFilter' to: [/*]
2017-12-11 17:22:00.143  INFO 94258 --- [ost-startStop-1] o.s.b.w.servlet.FilterRegistrationBean   : Mapping filter: 'httpPutFormContentFilter' to: [/*]
2017-12-11 17:22:00.143  INFO 94258 --- [ost-startStop-1] o.s.b.w.servlet.FilterRegistrationBean   : Mapping filter: 'requestContextFilter' to: [/*]
2017-12-11 17:22:00.991  INFO 94258 --- [           main] s.w.s.m.m.a.RequestMappingHandlerAdapter : Looking for @ControllerAdvice: org.springframework.boot.context.embedded.AnnotationConfigEmbeddedWebApplicationContext@32a1bec0: startup date [Mon Dec 11 17:21:56 CST 2017]; root of context hierarchy
2017-12-11 17:22:01.100  INFO 94258 --- [           main] s.w.s.m.m.a.RequestMappingHandlerMapping : Mapped "{[/monitor_screen]}" onto public java.lang.String pv.controller.OpsController.viewdemo(java.lang.String,java.lang.String,org.springframework.ui.Model)
2017-12-11 17:22:01.102  INFO 94258 --- [           main] s.w.s.m.m.a.RequestMappingHandlerMapping : Mapped "{[/svg]}" onto public java.lang.String pv.controller.OpsController.svgdemo(java.lang.String,org.springframework.ui.Model)
2017-12-11 17:22:01.102  INFO 94258 --- [           main] s.w.s.m.m.a.RequestMappingHandlerMapping : Mapped "{[/m_monitor_screen]}" onto public java.lang.String pv.controller.OpsController.mobileViewdemo(java.lang.String,java.lang.String,org.springframework.ui.Model)
2017-12-11 17:22:01.103  INFO 94258 --- [           main] s.w.s.m.m.a.RequestMappingHandlerMapping : Mapped "{[/View]}" onto public java.lang.String pv.controller.OpsController.viewdemo1(java.lang.String,org.springframework.ui.Model)
2017-12-11 17:22:01.103  INFO 94258 --- [           main] s.w.s.m.m.a.RequestMappingHandlerMapping : Mapped "{[/getsvgdata]}" onto public org.springframework.http.ResponseEntity<pv.model.SvgDescription> pv.controller.OpsController.getSvgDate(java.lang.String)
2017-12-11 17:22:01.104  INFO 94258 --- [           main] s.w.s.m.m.a.RequestMappingHandlerMapping : Mapped "{[/getdynamicvalues],methods=[POST],produces=[application/json]}" onto public org.springframework.http.ResponseEntity<java.lang.String> pv.controller.OpsController.getDynamicValues(pv.model.QueryKeys)
2017-12-11 17:22:01.107  INFO 94258 --- [           main] s.w.s.m.m.a.RequestMappingHandlerMapping : Mapped "{[/error]}" onto public org.springframework.http.ResponseEntity<java.util.Map<java.lang.String, java.lang.Object>> org.springframework.boot.autoconfigure.web.BasicErrorController.error(javax.servlet.http.HttpServletRequest)
2017-12-11 17:22:01.108  INFO 94258 --- [           main] s.w.s.m.m.a.RequestMappingHandlerMapping : Mapped "{[/error],produces=[text/html]}" onto public org.springframework.web.servlet.ModelAndView org.springframework.boot.autoconfigure.web.BasicErrorController.errorHtml(javax.servlet.http.HttpServletRequest,javax.servlet.http.HttpServletResponse)
2017-12-11 17:22:01.167  INFO 94258 --- [           main] o.s.w.s.handler.SimpleUrlHandlerMapping  : Mapped URL path [/webjars/**] onto handler of type [class org.springframework.web.servlet.resource.ResourceHttpRequestHandler]
2017-12-11 17:22:01.168  INFO 94258 --- [           main] o.s.w.s.handler.SimpleUrlHandlerMapping  : Mapped URL path [/**] onto handler of type [class org.springframework.web.servlet.resource.ResourceHttpRequestHandler]
2017-12-11 17:22:01.235  INFO 94258 --- [           main] o.s.w.s.handler.SimpleUrlHandlerMapping  : Mapped URL path [/**/favicon.ico] onto handler of type [class org.springframework.web.servlet.resource.ResourceHttpRequestHandler]
2017-12-11 17:22:02.307  WARN 94258 --- [           main] arterDeprecationWarningAutoConfiguration : spring-boot-starter-redis is deprecated as of Spring Boot 1.4, please migrate to spring-boot-starter-data-redis
2017-12-11 17:22:02.409  INFO 94258 --- [           main] o.s.j.e.a.AnnotationMBeanExporter        : Registering beans for JMX exposure on startup
2017-12-11 17:22:02.526  INFO 94258 --- [           main] s.b.c.e.t.TomcatEmbeddedServletContainer : Tomcat started on port(s): 8098 (http)
2017-12-11 17:22:02.535  INFO 94258 --- [           main] pv.Application                           : Started Application in 8.091 seconds (JVM running for 8.976)
2017-12-11 17:22:24.231  INFO 94258 --- [nio-8098-exec-1] o.a.c.c.C.[Tomcat].[localhost].[/]       : Initializing Spring FrameworkServlet 'dispatcherServlet'
2017-12-11 17:22:24.233  INFO 94258 --- [nio-8098-exec-1] o.s.web.servlet.DispatcherServlet        : FrameworkServlet 'dispatcherServlet': initialization started
2017-12-11 17:22:24.265  INFO 94258 --- [nio-8098-exec-1] o.s.web.servlet.DispatcherServlet        : FrameworkServlet 'dispatcherServlet': initialization completed in 32 ms
2017-12-11 17:23:05.521  INFO 94258 --- [       Thread-5] ationConfigEmbeddedWebApplicationContext : Closing org.springframework.boot.context.embedded.AnnotationConfigEmbeddedWebApplicationContext@32a1bec0: startup date [Mon Dec 11 17:21:56 CST 2017]; root of context hierarchy
2017-12-11 17:23:05.537  INFO 94258 --- [       Thread-5] o.s.j.e.a.AnnotationMBeanExporter        : Unregistering JMX-exposed beans on shutdown

  .   ____          _            __ _ _
 /\\ / ___'_ __ _ _(_)_ __  __ _ \ \ \ \
( ( )\___ | '_ | '_| | '_ \/ _` | \ \ \ \
 \\/  ___)| |_)| | | | | || (_| |  ) ) ) )
  '  |____| .__|_| |_|_| |_\__, | / / / /
 =========|_|==============|___/=/_/_/_/
 :: Spring Boot ::        (v1.4.0.RELEASE)

2017-12-11 17:24:20.836  INFO 94390 --- [           main] pv.Application                           : Starting Application v0.2 on jianzoudeMacBook-Pro.local with PID 94390 (/Users/jianzou/isdavid/00_common/monitor_screen_release/dist/monitor-screen-0.2.jar started by jianzou in /Users/jianzou/isdavid/00_common/monitor_screen_release/dist)
2017-12-11 17:24:20.850  INFO 94390 --- [           main] pv.Application                           : No active profile set, falling back to default profiles: default
2017-12-11 17:24:21.234  INFO 94390 --- [           main] ationConfigEmbeddedWebApplicationContext : Refreshing org.springframework.boot.context.embedded.AnnotationConfigEmbeddedWebApplicationContext@32a1bec0: startup date [Mon Dec 11 17:24:21 CST 2017]; root of context hierarchy
2017-12-11 17:24:23.347  INFO 94390 --- [           main] .s.d.r.c.RepositoryConfigurationDelegate : Multiple Spring Data modules found, entering strict repository configuration mode!
2017-12-11 17:24:24.322  INFO 94390 --- [           main] trationDelegate$BeanPostProcessorChecker : Bean 'org.springframework.transaction.annotation.ProxyTransactionManagementConfiguration' of type [class org.springframework.transaction.annotation.ProxyTransactionManagementConfiguration$$EnhancerBySpringCGLIB$$c676982] is not eligible for getting processed by all BeanPostProcessors (for example: not eligible for auto-proxying)
2017-12-11 17:24:25.312  INFO 94390 --- [           main] s.b.c.e.t.TomcatEmbeddedServletContainer : Tomcat initialized with port(s): 9191 (http)
2017-12-11 17:24:25.338  INFO 94390 --- [           main] o.apache.catalina.core.StandardService   : Starting service Tomcat
2017-12-11 17:24:25.340  INFO 94390 --- [           main] org.apache.catalina.core.StandardEngine  : Starting Servlet Engine: Apache Tomcat/8.5.4
2017-12-11 17:24:25.467  INFO 94390 --- [ost-startStop-1] o.a.c.c.C.[Tomcat].[localhost].[/]       : Initializing Spring embedded WebApplicationContext
2017-12-11 17:24:25.468  INFO 94390 --- [ost-startStop-1] o.s.web.context.ContextLoader            : Root WebApplicationContext: initialization completed in 4234 ms
2017-12-11 17:24:25.727  INFO 94390 --- [ost-startStop-1] o.s.b.w.servlet.ServletRegistrationBean  : Mapping servlet: 'dispatcherServlet' to [/]
2017-12-11 17:24:25.738  INFO 94390 --- [ost-startStop-1] o.s.b.w.servlet.FilterRegistrationBean   : Mapping filter: 'characterEncodingFilter' to: [/*]
2017-12-11 17:24:25.739  INFO 94390 --- [ost-startStop-1] o.s.b.w.servlet.FilterRegistrationBean   : Mapping filter: 'hiddenHttpMethodFilter' to: [/*]
2017-12-11 17:24:25.740  INFO 94390 --- [ost-startStop-1] o.s.b.w.servlet.FilterRegistrationBean   : Mapping filter: 'httpPutFormContentFilter' to: [/*]
2017-12-11 17:24:25.740  INFO 94390 --- [ost-startStop-1] o.s.b.w.servlet.FilterRegistrationBean   : Mapping filter: 'requestContextFilter' to: [/*]
2017-12-11 17:24:26.807  INFO 94390 --- [           main] s.w.s.m.m.a.RequestMappingHandlerAdapter : Looking for @ControllerAdvice: org.springframework.boot.context.embedded.AnnotationConfigEmbeddedWebApplicationContext@32a1bec0: startup date [Mon Dec 11 17:24:21 CST 2017]; root of context hierarchy
2017-12-11 17:24:26.953  INFO 94390 --- [           main] s.w.s.m.m.a.RequestMappingHandlerMapping : Mapped "{[/svg]}" onto public java.lang.String pv.controller.OpsController.svgdemo(java.lang.String,org.springframework.ui.Model)
2017-12-11 17:24:26.955  INFO 94390 --- [           main] s.w.s.m.m.a.RequestMappingHandlerMapping : Mapped "{[/monitor_screen]}" onto public java.lang.String pv.controller.OpsController.viewdemo(java.lang.String,java.lang.String,org.springframework.ui.Model)
2017-12-11 17:24:26.955  INFO 94390 --- [           main] s.w.s.m.m.a.RequestMappingHandlerMapping : Mapped "{[/m_monitor_screen]}" onto public java.lang.String pv.controller.OpsController.mobileViewdemo(java.lang.String,java.lang.String,org.springframework.ui.Model)
2017-12-11 17:24:26.956  INFO 94390 --- [           main] s.w.s.m.m.a.RequestMappingHandlerMapping : Mapped "{[/View]}" onto public java.lang.String pv.controller.OpsController.viewdemo1(java.lang.String,org.springframework.ui.Model)
2017-12-11 17:24:26.957  INFO 94390 --- [           main] s.w.s.m.m.a.RequestMappingHandlerMapping : Mapped "{[/getsvgdata]}" onto public org.springframework.http.ResponseEntity<pv.model.SvgDescription> pv.controller.OpsController.getSvgDate(java.lang.String)
2017-12-11 17:24:26.958  INFO 94390 --- [           main] s.w.s.m.m.a.RequestMappingHandlerMapping : Mapped "{[/getdynamicvalues],methods=[POST],produces=[application/json]}" onto public org.springframework.http.ResponseEntity<java.lang.String> pv.controller.OpsController.getDynamicValues(pv.model.QueryKeys)
2017-12-11 17:24:26.962  INFO 94390 --- [           main] s.w.s.m.m.a.RequestMappingHandlerMapping : Mapped "{[/error]}" onto public org.springframework.http.ResponseEntity<java.util.Map<java.lang.String, java.lang.Object>> org.springframework.boot.autoconfigure.web.BasicErrorController.error(javax.servlet.http.HttpServletRequest)
2017-12-11 17:24:26.963  INFO 94390 --- [           main] s.w.s.m.m.a.RequestMappingHandlerMapping : Mapped "{[/error],produces=[text/html]}" onto public org.springframework.web.servlet.ModelAndView org.springframework.boot.autoconfigure.web.BasicErrorController.errorHtml(javax.servlet.http.HttpServletRequest,javax.servlet.http.HttpServletResponse)
2017-12-11 17:24:27.037  INFO 94390 --- [           main] o.s.w.s.handler.SimpleUrlHandlerMapping  : Mapped URL path [/webjars/**] onto handler of type [class org.springframework.web.servlet.resource.ResourceHttpRequestHandler]
2017-12-11 17:24:27.037  INFO 94390 --- [           main] o.s.w.s.handler.SimpleUrlHandlerMapping  : Mapped URL path [/**] onto handler of type [class org.springframework.web.servlet.resource.ResourceHttpRequestHandler]
2017-12-11 17:24:27.105  INFO 94390 --- [           main] o.s.w.s.handler.SimpleUrlHandlerMapping  : Mapped URL path [/**/favicon.ico] onto handler of type [class org.springframework.web.servlet.resource.ResourceHttpRequestHandler]
2017-12-11 17:24:28.173  WARN 94390 --- [           main] arterDeprecationWarningAutoConfiguration : spring-boot-starter-redis is deprecated as of Spring Boot 1.4, please migrate to spring-boot-starter-data-redis
2017-12-11 17:24:28.243  INFO 94390 --- [           main] o.s.j.e.a.AnnotationMBeanExporter        : Registering beans for JMX exposure on startup
2017-12-11 17:24:28.352  INFO 94390 --- [           main] s.b.c.e.t.TomcatEmbeddedServletContainer : Tomcat started on port(s): 9191 (http)
2017-12-11 17:24:28.360  INFO 94390 --- [           main] pv.Application                           : Started Application in 8.616 seconds (JVM running for 9.544)
2017-12-11 17:24:28.498  INFO 94390 --- [nio-9191-exec-1] o.a.c.c.C.[Tomcat].[localhost].[/]       : Initializing Spring FrameworkServlet 'dispatcherServlet'
2017-12-11 17:24:28.499  INFO 94390 --- [nio-9191-exec-1] o.s.web.servlet.DispatcherServlet        : FrameworkServlet 'dispatcherServlet': initialization started
2017-12-11 17:24:28.528  INFO 94390 --- [nio-9191-exec-1] o.s.web.servlet.DispatcherServlet        : FrameworkServlet 'dispatcherServlet': initialization completed in 29 ms
2017-12-11 17:24:32.714  INFO 94390 --- [nio-9191-exec-8] o.s.b.f.xml.XmlBeanDefinitionReader      : Loading XML bean definitions from class path resource [org/springframework/jdbc/support/sql-error-codes.xml]
2017-12-11 17:24:32.797  INFO 94390 --- [nio-9191-exec-8] o.s.jdbc.support.SQLErrorCodesFactory    : SQLErrorCodes loaded: [DB2, Derby, H2, HSQL, Informix, MS-SQL, MySQL, Oracle, PostgreSQL, Sybase, Hana]
PreparedStatementCallback; bad SQL grammar [select svg_file from monitor_screen where name = ? or sn = ?]; nested exception is com.mysql.jdbc.exceptions.jdbc4.MySQLSyntaxErrorException: Table 'lhs_cloud_01.monitor_screen' doesn't exist
PreparedStatementCallback; bad SQL grammar [select svg_file from monitor_screen where name = ? or sn = ?]; nested exception is com.mysql.jdbc.exceptions.jdbc4.MySQLSyntaxErrorException: Table 'lhs_cloud_01.monitor_screen' doesn't exist
PreparedStatementCallback; bad SQL grammar [select svg_file from monitor_screen where name = ? or sn = ?]; nested exception is com.mysql.jdbc.exceptions.jdbc4.MySQLSyntaxErrorException: Table 'lhs_cloud_01.monitor_screen' doesn't exist
2017-12-11 17:28:34.864  INFO 94390 --- [       Thread-5] ationConfigEmbeddedWebApplicationContext : Closing org.springframework.boot.context.embedded.AnnotationConfigEmbeddedWebApplicationContext@32a1bec0: startup date [Mon Dec 11 17:24:21 CST 2017]; root of context hierarchy
2017-12-11 17:28:34.888  INFO 94390 --- [       Thread-5] o.s.j.e.a.AnnotationMBeanExporter        : Unregistering JMX-exposed beans on shutdown

  .   ____          _            __ _ _
 /\\ / ___'_ __ _ _(_)_ __  __ _ \ \ \ \
( ( )\___ | '_ | '_| | '_ \/ _` | \ \ \ \
 \\/  ___)| |_)| | | | | || (_| |  ) ) ) )
  '  |____| .__|_| |_|_| |_\__, | / / / /
 =========|_|==============|___/=/_/_/_/
 :: Spring Boot ::        (v1.4.0.RELEASE)

2017-12-11 17:29:30.300  INFO 94702 --- [           main] pv.Application                           : Starting Application v0.2 on jianzoudeMacBook-Pro.local with PID 94702 (/Users/jianzou/isdavid/00_common/monitor_screen_release/dist/monitor-screen-0.2.jar started by jianzou in /Users/jianzou/isdavid/00_common/monitor_screen_release/dist)
2017-12-11 17:29:30.318  INFO 94702 --- [           main] pv.Application                           : No active profile set, falling back to default profiles: default
2017-12-11 17:29:30.950  INFO 94702 --- [           main] ationConfigEmbeddedWebApplicationContext : Refreshing org.springframework.boot.context.embedded.AnnotationConfigEmbeddedWebApplicationContext@32a1bec0: startup date [Mon Dec 11 17:29:30 CST 2017]; root of context hierarchy
2017-12-11 17:29:33.146  INFO 94702 --- [           main] .s.d.r.c.RepositoryConfigurationDelegate : Multiple Spring Data modules found, entering strict repository configuration mode!
2017-12-11 17:29:34.181  INFO 94702 --- [           main] trationDelegate$BeanPostProcessorChecker : Bean 'org.springframework.transaction.annotation.ProxyTransactionManagementConfiguration' of type [class org.springframework.transaction.annotation.ProxyTransactionManagementConfiguration$$EnhancerBySpringCGLIB$$919cb68a] is not eligible for getting processed by all BeanPostProcessors (for example: not eligible for auto-proxying)
2017-12-11 17:29:35.550  INFO 94702 --- [           main] s.b.c.e.t.TomcatEmbeddedServletContainer : Tomcat initialized with port(s): 9191 (http)
2017-12-11 17:29:35.592  INFO 94702 --- [           main] o.apache.catalina.core.StandardService   : Starting service Tomcat
2017-12-11 17:29:35.597  INFO 94702 --- [           main] org.apache.catalina.core.StandardEngine  : Starting Servlet Engine: Apache Tomcat/8.5.4
2017-12-11 17:29:35.751  INFO 94702 --- [ost-startStop-1] o.a.c.c.C.[Tomcat].[localhost].[/]       : Initializing Spring embedded WebApplicationContext
2017-12-11 17:29:35.755  INFO 94702 --- [ost-startStop-1] o.s.web.context.ContextLoader            : Root WebApplicationContext: initialization completed in 4806 ms
2017-12-11 17:29:36.016  INFO 94702 --- [ost-startStop-1] o.s.b.w.servlet.ServletRegistrationBean  : Mapping servlet: 'dispatcherServlet' to [/]
2017-12-11 17:29:36.038  INFO 94702 --- [ost-startStop-1] o.s.b.w.servlet.FilterRegistrationBean   : Mapping filter: 'characterEncodingFilter' to: [/*]
2017-12-11 17:29:36.039  INFO 94702 --- [ost-startStop-1] o.s.b.w.servlet.FilterRegistrationBean   : Mapping filter: 'hiddenHttpMethodFilter' to: [/*]
2017-12-11 17:29:36.040  INFO 94702 --- [ost-startStop-1] o.s.b.w.servlet.FilterRegistrationBean   : Mapping filter: 'httpPutFormContentFilter' to: [/*]
2017-12-11 17:29:36.040  INFO 94702 --- [ost-startStop-1] o.s.b.w.servlet.FilterRegistrationBean   : Mapping filter: 'requestContextFilter' to: [/*]
2017-12-11 17:29:37.110  INFO 94702 --- [           main] s.w.s.m.m.a.RequestMappingHandlerAdapter : Looking for @ControllerAdvice: org.springframework.boot.context.embedded.AnnotationConfigEmbeddedWebApplicationContext@32a1bec0: startup date [Mon Dec 11 17:29:30 CST 2017]; root of context hierarchy
2017-12-11 17:29:37.269  INFO 94702 --- [           main] s.w.s.m.m.a.RequestMappingHandlerMapping : Mapped "{[/svg]}" onto public java.lang.String pv.controller.OpsController.svgdemo(java.lang.String,org.springframework.ui.Model)
2017-12-11 17:29:37.270  INFO 94702 --- [           main] s.w.s.m.m.a.RequestMappingHandlerMapping : Mapped "{[/monitor_screen]}" onto public java.lang.String pv.controller.OpsController.viewdemo(java.lang.String,java.lang.String,org.springframework.ui.Model)
2017-12-11 17:29:37.271  INFO 94702 --- [           main] s.w.s.m.m.a.RequestMappingHandlerMapping : Mapped "{[/m_monitor_screen]}" onto public java.lang.String pv.controller.OpsController.mobileViewdemo(java.lang.String,java.lang.String,org.springframework.ui.Model)
2017-12-11 17:29:37.271  INFO 94702 --- [           main] s.w.s.m.m.a.RequestMappingHandlerMapping : Mapped "{[/View]}" onto public java.lang.String pv.controller.OpsController.viewdemo1(java.lang.String,org.springframework.ui.Model)
2017-12-11 17:29:37.272  INFO 94702 --- [           main] s.w.s.m.m.a.RequestMappingHandlerMapping : Mapped "{[/getsvgdata]}" onto public org.springframework.http.ResponseEntity<pv.model.SvgDescription> pv.controller.OpsController.getSvgDate(java.lang.String)
2017-12-11 17:29:37.272  INFO 94702 --- [           main] s.w.s.m.m.a.RequestMappingHandlerMapping : Mapped "{[/getdynamicvalues],methods=[POST],produces=[application/json]}" onto public org.springframework.http.ResponseEntity<java.lang.String> pv.controller.OpsController.getDynamicValues(pv.model.QueryKeys)
2017-12-11 17:29:37.281  INFO 94702 --- [           main] s.w.s.m.m.a.RequestMappingHandlerMapping : Mapped "{[/error]}" onto public org.springframework.http.ResponseEntity<java.util.Map<java.lang.String, java.lang.Object>> org.springframework.boot.autoconfigure.web.BasicErrorController.error(javax.servlet.http.HttpServletRequest)
2017-12-11 17:29:37.281  INFO 94702 --- [           main] s.w.s.m.m.a.RequestMappingHandlerMapping : Mapped "{[/error],produces=[text/html]}" onto public org.springframework.web.servlet.ModelAndView org.springframework.boot.autoconfigure.web.BasicErrorController.errorHtml(javax.servlet.http.HttpServletRequest,javax.servlet.http.HttpServletResponse)
2017-12-11 17:29:37.368  INFO 94702 --- [           main] o.s.w.s.handler.SimpleUrlHandlerMapping  : Mapped URL path [/webjars/**] onto handler of type [class org.springframework.web.servlet.resource.ResourceHttpRequestHandler]
2017-12-11 17:29:37.369  INFO 94702 --- [           main] o.s.w.s.handler.SimpleUrlHandlerMapping  : Mapped URL path [/**] onto handler of type [class org.springframework.web.servlet.resource.ResourceHttpRequestHandler]
2017-12-11 17:29:37.440  INFO 94702 --- [           main] o.s.w.s.handler.SimpleUrlHandlerMapping  : Mapped URL path [/**/favicon.ico] onto handler of type [class org.springframework.web.servlet.resource.ResourceHttpRequestHandler]
2017-12-11 17:29:38.937  WARN 94702 --- [           main] arterDeprecationWarningAutoConfiguration : spring-boot-starter-redis is deprecated as of Spring Boot 1.4, please migrate to spring-boot-starter-data-redis
2017-12-11 17:29:39.036  INFO 94702 --- [           main] o.s.j.e.a.AnnotationMBeanExporter        : Registering beans for JMX exposure on startup
2017-12-11 17:29:39.177  INFO 94702 --- [           main] s.b.c.e.t.TomcatEmbeddedServletContainer : Tomcat started on port(s): 9191 (http)
2017-12-11 17:29:39.186  INFO 94702 --- [           main] pv.Application                           : Started Application in 10.113 seconds (JVM running for 11.659)
2017-12-11 17:29:40.961  INFO 94702 --- [nio-9191-exec-1] o.a.c.c.C.[Tomcat].[localhost].[/]       : Initializing Spring FrameworkServlet 'dispatcherServlet'
2017-12-11 17:29:40.962  INFO 94702 --- [nio-9191-exec-1] o.s.web.servlet.DispatcherServlet        : FrameworkServlet 'dispatcherServlet': initialization started
2017-12-11 17:29:40.989  INFO 94702 --- [nio-9191-exec-1] o.s.web.servlet.DispatcherServlet        : FrameworkServlet 'dispatcherServlet': initialization completed in 27 ms
